<?xml version="1.0" encoding="UTF-8"?>
<!-- Generated by org.testng.reporters.JUnitReportReporter -->
<testsuite hostname="DESKTOP-GMKQSJF" failures="0" tests="1" name="com.google.qa.NewTest" time="13.848" errors="0" timestamp="17 ene 2023 17:27:59 GMT" skipped="0">
  <testcase classname="com.google.qa.NewTest" name="f" time="13.848"/>
</testsuite> <!-- com.google.qa.NewTest -->
